<?xml version="1.0" encoding="UTF-8"?>
<Site BuildName="Win32-MSBuild"
	BuildStamp="20230727-1058-Experimental"
	Name="DESKTOP-QNG4DAI"
	Generator="ctest-3.26.0-msvc3"
	CompilerName="D:/Software/developer/IDE/apps/VisualStudio/App/VC/Tools/MSVC/14.36.32532/bin/Hostx86/x86/cl.exe"
	CompilerVersion="19.36.32537.0"
	OSName="Windows"
	Hostname="DESKTOP-QNG4DAI"
	OSRelease=" Professional"
	OSVersion=" (Build 22621)"
	OSPlatform="AMD64"
	Is64Bits="1"
	VendorString="GenuineIntel"
	VendorID="Intel Corporation"
	FamilyID="6"
	ModelID="7"
	ProcessorCacheSize="-1"
	NumberOfLogicalCPU="20"
	NumberOfPhysicalCPU="14"
	TotalVirtualMemory="30533"
	TotalPhysicalMemory="16197"
	LogicalProcessorsPerPhysical="1"
	ProcessorClockFrequency="3494"
	>
	<Testing>
		<StartDateTime>Jul 27 18:58 [NON-UTF-8-BYTE-0xD6]й[NON-UTF-8-BYTE-0xFA][NON-UTF-8-BYTE-0xB1][NON-UTF-8-BYTE-0xEA]׼ʱ[NON-UTF-8-BYTE-0xBC][NON-UTF-8-BYTE-0xE4]</StartDateTime>
		<StartTestTime>1690455513</StartTestTime>
		<TestList/>
		<EndDateTime>Jul 27 18:58 [NON-UTF-8-BYTE-0xD6]й[NON-UTF-8-BYTE-0xFA][NON-UTF-8-BYTE-0xB1][NON-UTF-8-BYTE-0xEA]׼ʱ[NON-UTF-8-BYTE-0xBC][NON-UTF-8-BYTE-0xE4]</EndDateTime>
		<EndTestTime>1690455513</EndTestTime>
		<ElapsedMinutes>0</ElapsedMinutes>
	</Testing>
</Site>
